<?xml version="1.0" encoding="UTF-8"?>
<!-- Generated by org.testng.reporters.JUnitXMLReporter -->
<testsuite ignored="5" hostname="MSI" failures="0" tests="1" name="Default test" time="3.377" errors="0" timestamp="2024-06-28T21:00:31 IST">
  <testcase classname="test1.ApiDemo" name="putANewOrder" time="3.297"/>
  <testcase classname="test1.ApiDemo" name="getOrderDetails" time="0.0">
    <ignored/>
  </testcase> <!-- getOrderDetails -->
  <testcase classname="test1.ApiDemo" name="getAListOfCarts" time="0.0">
    <ignored/>
  </testcase> <!-- getAListOfCarts -->
  <testcase classname="test1.ApiDemo" name="getAListOfOrder" time="0.0">
    <ignored/>
  </testcase> <!-- getAListOfOrder -->
  <testcase classname="test1.ApiDemo" name="getAListOfProduct" time="0.0">
    <ignored/>
  </testcase> <!-- getAListOfProduct -->
  <testcase classname="test1.ApiDemo" name="getAListOfRegisteredUsers" time="0.0">
    <ignored/>
  </testcase> <!-- getAListOfRegisteredUsers -->
</testsuite> <!-- Default test -->
