<?xml version="1.0" encoding="UTF-8"?>
<testng-results ignored="5" total="6" passed="1" failed="0" skipped="0">
  <reporter-output>
  </reporter-output>
  <suite started-at="2024-06-28T21:00:28 IST" name="Default suite" finished-at="2024-06-28T21:00:31 IST" duration-ms="3377">
    <groups>
    </groups>
    <test started-at="2024-06-28T21:00:28 IST" name="Default test" finished-at="2024-06-28T21:00:31 IST" duration-ms="3377">
      <class name="test1.ApiDemo">
        <test-method signature="putANewOrder()[pri:0, instance:test1.ApiDemo@23c30a20]" started-at="2024-06-28T21:00:28 IST" name="putANewOrder" finished-at="2024-06-28T21:00:31 IST" duration-ms="3297" status="PASS">
          <reporter-output>
          </reporter-output>
        </test-method> <!-- putANewOrder -->
      </class> <!-- test1.ApiDemo -->
    </test> <!-- Default test -->
  </suite> <!-- Default suite -->
</testng-results>
